current directory: /Users/carolinereis/DesafioLogin/path/ruby/2.3.0/gems/oily_png-1.2.1/ext/oily_png
/usr/local/opt/ruby/bin/ruby -r ./siteconf20170110-19570-1nbddi2.rb extconf.rb
creating Makefile

current directory: /Users/carolinereis/DesafioLogin/path/ruby/2.3.0/gems/oily_png-1.2.1/ext/oily_png
make "DESTDIR=" clean

current directory: /Users/carolinereis/DesafioLogin/path/ruby/2.3.0/gems/oily_png-1.2.1/ext/oily_png
make "DESTDIR="
compiling color.c
compiling oily_png_ext.c
compiling operations.c
compiling png_decoding.c
compiling png_encoding.c
compiling resampling.c
resampling.c:182:17: warning: implicit conversion loses integer precision: 'long' to 'PIXEL' (aka 'unsigned int') [-Wshorten-64-to-32]
    y_residue = interp_y[y];
              ~ ^~~~~~~~~~~
resampling.c:187:19: warning: implicit conversion loses integer precision: 'long' to 'PIXEL' (aka 'unsigned int') [-Wshorten-64-to-32]
      x_residue = interp_x[x];
                ~ ^~~~~~~~~~~
2 warnings generated.
linking shared-object oily_png/oily_png.bundle

current directory: /Users/carolinereis/DesafioLogin/path/ruby/2.3.0/gems/oily_png-1.2.1/ext/oily_png
make "DESTDIR=" install
/usr/bin/install -c -m 0755 oily_png.bundle ./.gem.20170110-19570-3kkhvm/oily_png
